<?xml version="1.0" encoding="UTF-8"?>
<!-- Generated by org.testng.reporters.JUnitXMLReporter -->
<testsuite hostname="DESKTOP-OLK64FU" ignored="0" name="ProjectTest" tests="9" failures="0" timestamp="2022-08-02T16:55:10 IST" time="113.879" errors="0">
  <testcase name="exampleTestCase" time="0.025" classname="SeleniumProject_Work.Activity1"/>
  <testcase name="exampleTestCase" time="0.044" classname="SeleniumProject_Work.Activity2"/>
  <testcase name="exampleTestCase" time="0.078" classname="SeleniumProject_Work.Activity3"/>
  <testcase name="exampleTestCase" time="0.089" classname="SeleniumProject_Work.Activity4"/>
  <testcase name="exampleTestCase" time="1.326" classname="SeleniumProject_Work.Activity5"/>
  <testcase name="exampleTestCase" time="4.247" classname="SeleniumProject_Work.Activity6"/>
  <testcase name="exampleTestCase" time="1.043" classname="SeleniumProject_Work.Activity7"/>
  <testcase name="exampleTestCase" time="3.573" classname="SeleniumProject_Work.Activity8"/>
  <testcase name="exampleTestCase" time="4.075" classname="SeleniumProject_Work.Activity9"/>
</testsuite> <!-- ProjectTest -->
