<?xml version="1.0" encoding="UTF-8"?>
<!-- Generated by org.testng.reporters.JUnitXMLReporter -->
<testsuite hostname="DESKTOP-OLK64FU" ignored="0" name="TestActivity4" tests="3" failures="0" timestamp="2022-07-21T20:41:30 IST" time="0.046" errors="0">
  <testcase name="firstTestCase" time="0.01" classname="suiteExample.DemoOne"/>
  <testcase name="secondTestCase" time="0.0" classname="suiteExample.DemoOne"/>
  <testcase name="TestCase" time="0.001" classname="suiteExample.DemoTwo"/>
</testsuite> <!-- TestActivity4 -->
