<?xml version="1.0" encoding="UTF-8"?>
<!-- Generated by org.testng.reporters.JUnitXMLReporter -->
<testsuite hostname="DESKTOP-OLK64FU" ignored="0" name="Test" tests="3" failures="0" timestamp="2022-07-23T12:00:40 IST" time="8.85" errors="0">
  <testcase name="simpleAlertTestCase" time="0.145" classname="FST_testNG.Activity9"/>
  <testcase name="confirmAlertTestCase" time="0.1" classname="FST_testNG.Activity9"/>
  <testcase name="promptAlertTestCase" time="0.121" classname="FST_testNG.Activity9"/>
</testsuite> <!-- Test -->
