<?xml version="1.0" encoding="UTF-8"?>
<testng-results skipped="0" failed="0" ignored="0" total="9" passed="9">
  <reporter-output>
  </reporter-output>
  <suite name="Suite" duration-ms="113879" started-at="2022-08-02T16:53:16 IST" finished-at="2022-08-02T16:55:10 IST">
    <groups>
    </groups>
    <test name="ProjectTest" duration-ms="113879" started-at="2022-08-02T16:53:16 IST" finished-at="2022-08-02T16:55:10 IST">
      <class name="SeleniumProject_Work.Activity6">
        <test-method status="PASS" signature="beforeMethod()[pri:0, instance:SeleniumProject_Work.Activity6@57f23557]" name="beforeMethod" is-config="true" duration-ms="10705" started-at="2022-08-02T16:54:14 IST" finished-at="2022-08-02T16:54:25 IST">
          <reporter-output>
          </reporter-output>
        </test-method> <!-- beforeMethod -->
        <test-method status="PASS" signature="exampleTestCase()[pri:0, instance:SeleniumProject_Work.Activity6@57f23557]" name="exampleTestCase" duration-ms="4247" started-at="2022-08-02T16:54:25 IST" finished-at="2022-08-02T16:54:29 IST">
          <reporter-output>
          </reporter-output>
        </test-method> <!-- exampleTestCase -->
        <test-method status="PASS" signature="afterMethod()[pri:0, instance:SeleniumProject_Work.Activity6@57f23557]" name="afterMethod" is-config="true" duration-ms="1057" started-at="2022-08-02T16:54:29 IST" finished-at="2022-08-02T16:54:30 IST">
          <reporter-output>
          </reporter-output>
        </test-method> <!-- afterMethod -->
      </class> <!-- SeleniumProject_Work.Activity6 -->
      <class name="SeleniumProject_Work.Activity7">
        <test-method status="PASS" signature="beforeMethod()[pri:0, instance:SeleniumProject_Work.Activity7@3d0f8e03]" name="beforeMethod" is-config="true" duration-ms="9424" started-at="2022-08-02T16:54:30 IST" finished-at="2022-08-02T16:54:40 IST">
          <reporter-output>
          </reporter-output>
        </test-method> <!-- beforeMethod -->
        <test-method status="PASS" signature="exampleTestCase()[pri:0, instance:SeleniumProject_Work.Activity7@3d0f8e03]" name="exampleTestCase" duration-ms="1043" started-at="2022-08-02T16:54:40 IST" finished-at="2022-08-02T16:54:41 IST">
          <reporter-output>
          </reporter-output>
        </test-method> <!-- exampleTestCase -->
        <test-method status="PASS" signature="afterMethod()[pri:0, instance:SeleniumProject_Work.Activity7@3d0f8e03]" name="afterMethod" is-config="true" duration-ms="1039" started-at="2022-08-02T16:54:41 IST" finished-at="2022-08-02T16:54:42 IST">
          <reporter-output>
          </reporter-output>
        </test-method> <!-- afterMethod -->
      </class> <!-- SeleniumProject_Work.Activity7 -->
      <class name="SeleniumProject_Work.Activity4">
        <test-method status="PASS" signature="beforeMethod()[pri:0, instance:SeleniumProject_Work.Activity4@15bfd87]" name="beforeMethod" is-config="true" duration-ms="9128" started-at="2022-08-02T16:53:52 IST" finished-at="2022-08-02T16:54:01 IST">
          <reporter-output>
          </reporter-output>
        </test-method> <!-- beforeMethod -->
        <test-method status="PASS" signature="exampleTestCase()[pri:0, instance:SeleniumProject_Work.Activity4@15bfd87]" name="exampleTestCase" duration-ms="89" started-at="2022-08-02T16:54:01 IST" finished-at="2022-08-02T16:54:01 IST">
          <reporter-output>
          </reporter-output>
        </test-method> <!-- exampleTestCase -->
        <test-method status="PASS" signature="afterMethod()[pri:0, instance:SeleniumProject_Work.Activity4@15bfd87]" name="afterMethod" is-config="true" duration-ms="1384" started-at="2022-08-02T16:54:01 IST" finished-at="2022-08-02T16:54:03 IST">
          <reporter-output>
          </reporter-output>
        </test-method> <!-- afterMethod -->
      </class> <!-- SeleniumProject_Work.Activity4 -->
      <class name="SeleniumProject_Work.Activity5">
        <test-method status="PASS" signature="beforeMethod()[pri:0, instance:SeleniumProject_Work.Activity5@543e710e]" name="beforeMethod" is-config="true" duration-ms="9331" started-at="2022-08-02T16:54:03 IST" finished-at="2022-08-02T16:54:12 IST">
          <reporter-output>
          </reporter-output>
        </test-method> <!-- beforeMethod -->
        <test-method status="PASS" signature="exampleTestCase()[pri:0, instance:SeleniumProject_Work.Activity5@543e710e]" name="exampleTestCase" duration-ms="1326" started-at="2022-08-02T16:54:12 IST" finished-at="2022-08-02T16:54:13 IST">
          <reporter-output>
          </reporter-output>
        </test-method> <!-- exampleTestCase -->
        <test-method status="PASS" signature="afterMethod()[pri:0, instance:SeleniumProject_Work.Activity5@543e710e]" name="afterMethod" is-config="true" duration-ms="932" started-at="2022-08-02T16:54:13 IST" finished-at="2022-08-02T16:54:14 IST">
          <reporter-output>
          </reporter-output>
        </test-method> <!-- afterMethod -->
      </class> <!-- SeleniumProject_Work.Activity5 -->
      <class name="SeleniumProject_Work.Activity2">
        <test-method status="PASS" signature="beforeMethod()[pri:0, instance:SeleniumProject_Work.Activity2@80169cf]" name="beforeMethod" is-config="true" duration-ms="8954" started-at="2022-08-02T16:53:32 IST" finished-at="2022-08-02T16:53:41 IST">
          <reporter-output>
          </reporter-output>
        </test-method> <!-- beforeMethod -->
        <test-method status="PASS" signature="exampleTestCase()[pri:0, instance:SeleniumProject_Work.Activity2@80169cf]" name="exampleTestCase" duration-ms="44" started-at="2022-08-02T16:53:41 IST" finished-at="2022-08-02T16:53:41 IST">
          <reporter-output>
          </reporter-output>
        </test-method> <!-- exampleTestCase -->
        <test-method status="PASS" signature="afterMethod()[pri:0, instance:SeleniumProject_Work.Activity2@80169cf]" name="afterMethod" is-config="true" duration-ms="934" started-at="2022-08-02T16:53:41 IST" finished-at="2022-08-02T16:53:42 IST">
          <reporter-output>
          </reporter-output>
        </test-method> <!-- afterMethod -->
      </class> <!-- SeleniumProject_Work.Activity2 -->
      <class name="SeleniumProject_Work.Activity3">
        <test-method status="PASS" signature="beforeMethod()[pri:0, instance:SeleniumProject_Work.Activity3@5427c60c]" name="beforeMethod" is-config="true" duration-ms="8908" started-at="2022-08-02T16:53:42 IST" finished-at="2022-08-02T16:53:51 IST">
          <reporter-output>
          </reporter-output>
        </test-method> <!-- beforeMethod -->
        <test-method status="PASS" signature="exampleTestCase()[pri:0, instance:SeleniumProject_Work.Activity3@5427c60c]" name="exampleTestCase" duration-ms="78" started-at="2022-08-02T16:53:51 IST" finished-at="2022-08-02T16:53:51 IST">
          <reporter-output>
          </reporter-output>
        </test-method> <!-- exampleTestCase -->
        <test-method status="PASS" signature="afterMethod()[pri:0, instance:SeleniumProject_Work.Activity3@5427c60c]" name="afterMethod" is-config="true" duration-ms="1102" started-at="2022-08-02T16:53:51 IST" finished-at="2022-08-02T16:53:52 IST">
          <reporter-output>
          </reporter-output>
        </test-method> <!-- afterMethod -->
      </class> <!-- SeleniumProject_Work.Activity3 -->
      <class name="SeleniumProject_Work.Activity1">
        <test-method status="PASS" signature="beforeMethod()[pri:0, instance:SeleniumProject_Work.Activity1@73d4cc9e]" name="beforeMethod" is-config="true" duration-ms="13459" started-at="2022-08-02T16:53:16 IST" finished-at="2022-08-02T16:53:30 IST">
          <reporter-output>
          </reporter-output>
        </test-method> <!-- beforeMethod -->
        <test-method status="PASS" signature="exampleTestCase()[pri:0, instance:SeleniumProject_Work.Activity1@73d4cc9e]" name="exampleTestCase" duration-ms="25" started-at="2022-08-02T16:53:30 IST" finished-at="2022-08-02T16:53:30 IST">
          <reporter-output>
          </reporter-output>
        </test-method> <!-- exampleTestCase -->
        <test-method status="PASS" signature="afterMethod()[pri:0, instance:SeleniumProject_Work.Activity1@73d4cc9e]" name="afterMethod" is-config="true" duration-ms="2569" started-at="2022-08-02T16:53:30 IST" finished-at="2022-08-02T16:53:32 IST">
          <reporter-output>
          </reporter-output>
        </test-method> <!-- afterMethod -->
      </class> <!-- SeleniumProject_Work.Activity1 -->
      <class name="SeleniumProject_Work.Activity8">
        <test-method status="PASS" signature="beforeMethod()[pri:0, instance:SeleniumProject_Work.Activity8@6366ebe0]" name="beforeMethod" is-config="true" duration-ms="9172" started-at="2022-08-02T16:54:42 IST" finished-at="2022-08-02T16:54:51 IST">
          <reporter-output>
          </reporter-output>
        </test-method> <!-- beforeMethod -->
        <test-method status="PASS" signature="exampleTestCase()[pri:0, instance:SeleniumProject_Work.Activity8@6366ebe0]" name="exampleTestCase" duration-ms="3573" started-at="2022-08-02T16:54:51 IST" finished-at="2022-08-02T16:54:55 IST">
          <reporter-output>
          </reporter-output>
        </test-method> <!-- exampleTestCase -->
        <test-method status="PASS" signature="afterMethod()[pri:0, instance:SeleniumProject_Work.Activity8@6366ebe0]" name="afterMethod" is-config="true" duration-ms="1171" started-at="2022-08-02T16:54:55 IST" finished-at="2022-08-02T16:54:56 IST">
          <reporter-output>
          </reporter-output>
        </test-method> <!-- afterMethod -->
      </class> <!-- SeleniumProject_Work.Activity8 -->
      <class name="SeleniumProject_Work.Activity9">
        <test-method status="PASS" signature="beforeMethod()[pri:0, instance:SeleniumProject_Work.Activity9@44f75083]" name="beforeMethod" is-config="true" duration-ms="9130" started-at="2022-08-02T16:54:56 IST" finished-at="2022-08-02T16:55:05 IST">
          <reporter-output>
          </reporter-output>
        </test-method> <!-- beforeMethod -->
        <test-method status="PASS" signature="exampleTestCase()[pri:0, instance:SeleniumProject_Work.Activity9@44f75083]" name="exampleTestCase" duration-ms="4075" started-at="2022-08-02T16:55:05 IST" finished-at="2022-08-02T16:55:09 IST">
          <reporter-output>
          </reporter-output>
        </test-method> <!-- exampleTestCase -->
        <test-method status="PASS" signature="afterMethod()[pri:0, instance:SeleniumProject_Work.Activity9@44f75083]" name="afterMethod" is-config="true" duration-ms="931" started-at="2022-08-02T16:55:09 IST" finished-at="2022-08-02T16:55:10 IST">
          <reporter-output>
          </reporter-output>
        </test-method> <!-- afterMethod -->
      </class> <!-- SeleniumProject_Work.Activity9 -->
    </test> <!-- ProjectTest -->
  </suite> <!-- Suite -->
</testng-results>
